[0m07:15:03.736556 [debug] [MainThread]: Sending event: {'category': 'dbt', 'action': 'invocation', 'label': 'start', 'context': [<snowplow_tracker.self_describing_json.SelfDescribingJson object at 0x00000204187B8AF0>, <snowplow_tracker.self_describing_json.SelfDescribingJson object at 0x000002041AFA2650>, <snowplow_tracker.self_describing_json.SelfDescribingJson object at 0x000002041AFA3640>]}


============================== 07:15:03.736556 | c1d3b067-c83e-42e7-9d29-f1c1dde854bd ==============================
[0m07:15:03.736556 [info ] [MainThread]: Running with dbt=1.8.5
[0m07:15:03.736556 [debug] [MainThread]: running dbt with arguments {'printer_width': '80', 'indirect_selection': 'eager', 'log_cache_events': 'False', 'write_json': 'True', 'partial_parse': 'True', 'cache_selected_only': 'False', 'profiles_dir': 'C:\\Users\\T590\\.dbt', 'version_check': 'True', 'debug': 'False', 'log_path': 'C:\\Users\\T590\\Desktop\\yt-comment-analysis\\dbt\\logs', 'warn_error': 'None', 'fail_fast': 'False', 'use_colors': 'True', 'use_experimental_parser': 'False', 'no_print': 'None', 'quiet': 'False', 'empty': 'False', 'log_format': 'default', 'invocation_command': 'dbt run', 'introspect': 'True', 'static_parser': 'True', 'target_path': 'None', 'warn_error_options': 'WarnErrorOptions(include=[], exclude=[])', 'send_anonymous_usage_stats': 'True'}
[0m07:15:05.581589 [debug] [MainThread]: Sending event: {'category': 'dbt', 'action': 'project_id', 'label': 'c1d3b067-c83e-42e7-9d29-f1c1dde854bd', 'context': [<snowplow_tracker.self_describing_json.SelfDescribingJson object at 0x0000020418A55ED0>]}
[0m07:15:05.805917 [debug] [MainThread]: Sending event: {'category': 'dbt', 'action': 'adapter_info', 'label': 'c1d3b067-c83e-42e7-9d29-f1c1dde854bd', 'context': [<snowplow_tracker.self_describing_json.SelfDescribingJson object at 0x000002042B70DCF0>]}
[0m07:15:05.805917 [info ] [MainThread]: Registered adapter: bigquery=1.8.2
[0m07:15:05.865623 [debug] [MainThread]: checksum: 643640a45b16e0d012867be4ac17daaa0c3ce97300faec3ce9a6de300b5e1c09, vars: {}, profile: , target: , version: 1.8.5
[0m07:15:05.869144 [info ] [MainThread]: Unable to do partial parsing because saved manifest not found. Starting full parse.
[0m07:15:05.871146 [debug] [MainThread]: Sending event: {'category': 'dbt', 'action': 'partial_parser', 'label': 'c1d3b067-c83e-42e7-9d29-f1c1dde854bd', 'context': [<snowplow_tracker.self_describing_json.SelfDescribingJson object at 0x00000204159FBD30>]}
[0m07:15:09.408013 [debug] [MainThread]: Sending event: {'category': 'dbt', 'action': 'load_project', 'label': 'c1d3b067-c83e-42e7-9d29-f1c1dde854bd', 'context': [<snowplow_tracker.self_describing_json.SelfDescribingJson object at 0x000002042CDEC370>]}
[0m07:15:09.672792 [debug] [MainThread]: Sending event: {'category': 'dbt', 'action': 'resource_counts', 'label': 'c1d3b067-c83e-42e7-9d29-f1c1dde854bd', 'context': [<snowplow_tracker.self_describing_json.SelfDescribingJson object at 0x000002042D22DD20>]}
[0m07:15:09.678309 [info ] [MainThread]: Found 2 models, 2 sources, 473 macros
[0m07:15:09.678309 [debug] [MainThread]: Sending event: {'category': 'dbt', 'action': 'runnable_timing', 'label': 'c1d3b067-c83e-42e7-9d29-f1c1dde854bd', 'context': [<snowplow_tracker.self_describing_json.SelfDescribingJson object at 0x000002042D22FFD0>]}
[0m07:15:09.678309 [info ] [MainThread]: 
[0m07:15:09.678309 [debug] [MainThread]: Acquiring new bigquery connection 'master'
[0m07:15:09.698740 [debug] [ThreadPool]: Acquiring new bigquery connection 'list_sentiment-analysis-410608'
[0m07:15:09.699738 [debug] [ThreadPool]: Opening a new connection, currently in state init
[0m07:15:10.063313 [debug] [MainThread]: Connection 'master' was properly closed.
[0m07:15:10.063313 [debug] [MainThread]: Connection 'list_sentiment-analysis-410608' was properly closed.
[0m07:15:10.063313 [info ] [MainThread]: 
[0m07:15:10.063313 [info ] [MainThread]: Finished running  in 0 hours 0 minutes and 0.39 seconds (0.39s).
[0m07:15:10.063313 [error] [MainThread]: Encountered an error:
Runtime Error
  Unable to generate access token, if you're using impersonate_service_account, make sure your initial account has the "roles/iam.serviceAccountTokenCreator" role on the account you are trying to impersonate.
  
  ('invalid_grant: Invalid JWT: Token must be a short-lived token (60 minutes) and in a reasonable timeframe. Check your iat and exp values in the JWT claim.', {'error': 'invalid_grant', 'error_description': 'Invalid JWT: Token must be a short-lived token (60 minutes) and in a reasonable timeframe. Check your iat and exp values in the JWT claim.'})
[0m07:15:10.073343 [debug] [MainThread]: Command `dbt run` failed at 07:15:10.073343 after 6.47 seconds
[0m07:15:10.073343 [debug] [MainThread]: Sending event: {'category': 'dbt', 'action': 'invocation', 'label': 'end', 'context': [<snowplow_tracker.self_describing_json.SelfDescribingJson object at 0x00000204187B8AF0>, <snowplow_tracker.self_describing_json.SelfDescribingJson object at 0x000002042D274310>, <snowplow_tracker.self_describing_json.SelfDescribingJson object at 0x000002042D274CD0>]}
[0m07:15:10.073343 [debug] [MainThread]: Flushing usage events
[0m07:17:32.782603 [debug] [MainThread]: Sending event: {'category': 'dbt', 'action': 'invocation', 'label': 'start', 'context': [<snowplow_tracker.self_describing_json.SelfDescribingJson object at 0x000001F04FEB4A60>, <snowplow_tracker.self_describing_json.SelfDescribingJson object at 0x000001F0527A6F50>, <snowplow_tracker.self_describing_json.SelfDescribingJson object at 0x000001F0527A7D90>]}


============================== 07:17:32.782603 | cac074d9-9b32-4fd7-acd1-9b0bcee54e6d ==============================
[0m07:17:32.782603 [info ] [MainThread]: Running with dbt=1.8.5
[0m07:17:32.782603 [debug] [MainThread]: running dbt with arguments {'printer_width': '80', 'indirect_selection': 'eager', 'write_json': 'True', 'log_cache_events': 'False', 'partial_parse': 'True', 'cache_selected_only': 'False', 'profiles_dir': 'C:\\Users\\T590\\.dbt', 'fail_fast': 'False', 'warn_error': 'None', 'log_path': 'C:\\Users\\T590\\Desktop\\yt-comment-analysis\\dbt\\logs', 'version_check': 'True', 'debug': 'False', 'use_colors': 'True', 'use_experimental_parser': 'False', 'no_print': 'None', 'quiet': 'False', 'empty': 'False', 'warn_error_options': 'WarnErrorOptions(include=[], exclude=[])', 'static_parser': 'True', 'log_format': 'default', 'introspect': 'True', 'target_path': 'None', 'invocation_command': 'dbt run', 'send_anonymous_usage_stats': 'True'}
[0m07:17:33.813189 [debug] [MainThread]: Sending event: {'category': 'dbt', 'action': 'project_id', 'label': 'cac074d9-9b32-4fd7-acd1-9b0bcee54e6d', 'context': [<snowplow_tracker.self_describing_json.SelfDescribingJson object at 0x000001F063BF7970>]}
[0m07:17:33.923632 [debug] [MainThread]: Sending event: {'category': 'dbt', 'action': 'adapter_info', 'label': 'cac074d9-9b32-4fd7-acd1-9b0bcee54e6d', 'context': [<snowplow_tracker.self_describing_json.SelfDescribingJson object at 0x000001F062E01C60>]}
[0m07:17:33.923632 [info ] [MainThread]: Registered adapter: bigquery=1.8.2
[0m07:17:33.939629 [debug] [MainThread]: checksum: 643640a45b16e0d012867be4ac17daaa0c3ce97300faec3ce9a6de300b5e1c09, vars: {}, profile: , target: , version: 1.8.5
[0m07:17:34.115501 [debug] [MainThread]: Partial parsing enabled: 0 files deleted, 0 files added, 0 files changed.
[0m07:17:34.115501 [debug] [MainThread]: Partial parsing enabled, no changes found, skipping parsing
[0m07:17:34.162884 [debug] [MainThread]: Sending event: {'category': 'dbt', 'action': 'load_project', 'label': 'cac074d9-9b32-4fd7-acd1-9b0bcee54e6d', 'context': [<snowplow_tracker.self_describing_json.SelfDescribingJson object at 0x000001F0643004F0>]}
[0m07:17:34.257154 [debug] [MainThread]: Sending event: {'category': 'dbt', 'action': 'resource_counts', 'label': 'cac074d9-9b32-4fd7-acd1-9b0bcee54e6d', 'context': [<snowplow_tracker.self_describing_json.SelfDescribingJson object at 0x000001F051A0C070>]}
[0m07:17:34.257154 [info ] [MainThread]: Found 2 models, 2 sources, 473 macros
[0m07:17:34.257154 [debug] [MainThread]: Sending event: {'category': 'dbt', 'action': 'runnable_timing', 'label': 'cac074d9-9b32-4fd7-acd1-9b0bcee54e6d', 'context': [<snowplow_tracker.self_describing_json.SelfDescribingJson object at 0x000001F0526B3640>]}
[0m07:17:34.257154 [info ] [MainThread]: 
[0m07:17:34.257154 [debug] [MainThread]: Acquiring new bigquery connection 'master'
[0m07:17:34.275923 [debug] [ThreadPool]: Acquiring new bigquery connection 'list_sentiment-analysis-410608'
[0m07:17:34.276923 [debug] [ThreadPool]: Opening a new connection, currently in state init
[0m07:17:34.611752 [debug] [MainThread]: Connection 'master' was properly closed.
[0m07:17:34.611752 [debug] [MainThread]: Connection 'list_sentiment-analysis-410608' was properly closed.
[0m07:17:34.611752 [info ] [MainThread]: 
[0m07:17:34.611752 [info ] [MainThread]: Finished running  in 0 hours 0 minutes and 0.35 seconds (0.35s).
[0m07:17:34.611752 [error] [MainThread]: Encountered an error:
Runtime Error
  Unable to generate access token, if you're using impersonate_service_account, make sure your initial account has the "roles/iam.serviceAccountTokenCreator" role on the account you are trying to impersonate.
  
  ('invalid_grant: Invalid JWT: Token must be a short-lived token (60 minutes) and in a reasonable timeframe. Check your iat and exp values in the JWT claim.', {'error': 'invalid_grant', 'error_description': 'Invalid JWT: Token must be a short-lived token (60 minutes) and in a reasonable timeframe. Check your iat and exp values in the JWT claim.'})
[0m07:17:34.625947 [debug] [MainThread]: Command `dbt run` failed at 07:17:34.625947 after 1.91 seconds
[0m07:17:34.626862 [debug] [MainThread]: Sending event: {'category': 'dbt', 'action': 'invocation', 'label': 'end', 'context': [<snowplow_tracker.self_describing_json.SelfDescribingJson object at 0x000001F04FEB4A60>, <snowplow_tracker.self_describing_json.SelfDescribingJson object at 0x000001F0642B90C0>, <snowplow_tracker.self_describing_json.SelfDescribingJson object at 0x000001F0642BA7D0>]}
[0m07:17:34.627870 [debug] [MainThread]: Flushing usage events
[0m07:19:54.098175 [debug] [MainThread]: Sending event: {'category': 'dbt', 'action': 'invocation', 'label': 'start', 'context': [<snowplow_tracker.self_describing_json.SelfDescribingJson object at 0x000001DBDB9C4AF0>, <snowplow_tracker.self_describing_json.SelfDescribingJson object at 0x000001DBDE1A3DC0>, <snowplow_tracker.self_describing_json.SelfDescribingJson object at 0x000001DBDE1A3460>]}


============================== 07:19:54.113798 | 0d4ef542-be6a-45d3-9fcc-a57fe86f053e ==============================
[0m07:19:54.113798 [info ] [MainThread]: Running with dbt=1.8.5
[0m07:19:54.113798 [debug] [MainThread]: running dbt with arguments {'printer_width': '80', 'indirect_selection': 'eager', 'write_json': 'True', 'log_cache_events': 'False', 'partial_parse': 'True', 'cache_selected_only': 'False', 'warn_error': 'None', 'debug': 'False', 'version_check': 'True', 'log_path': 'C:\\Users\\T590\\Desktop\\yt-comment-analysis\\dbt\\logs', 'fail_fast': 'False', 'profiles_dir': 'C:\\Users\\T590\\.dbt', 'use_colors': 'True', 'use_experimental_parser': 'False', 'empty': 'False', 'quiet': 'False', 'no_print': 'None', 'warn_error_options': 'WarnErrorOptions(include=[], exclude=[])', 'introspect': 'True', 'invocation_command': 'dbt run', 'static_parser': 'True', 'target_path': 'None', 'log_format': 'default', 'send_anonymous_usage_stats': 'True'}
[0m07:19:55.097325 [debug] [MainThread]: Sending event: {'category': 'dbt', 'action': 'project_id', 'label': '0d4ef542-be6a-45d3-9fcc-a57fe86f053e', 'context': [<snowplow_tracker.self_describing_json.SelfDescribingJson object at 0x000001DBDBA61ED0>]}
[0m07:19:55.207664 [debug] [MainThread]: Sending event: {'category': 'dbt', 'action': 'adapter_info', 'label': '0d4ef542-be6a-45d3-9fcc-a57fe86f053e', 'context': [<snowplow_tracker.self_describing_json.SelfDescribingJson object at 0x000001DBEE8FDCF0>]}
[0m07:19:55.207664 [info ] [MainThread]: Registered adapter: bigquery=1.8.2
[0m07:19:55.223336 [debug] [MainThread]: checksum: 643640a45b16e0d012867be4ac17daaa0c3ce97300faec3ce9a6de300b5e1c09, vars: {}, profile: , target: , version: 1.8.5
[0m07:19:55.397203 [debug] [MainThread]: Partial parsing enabled: 0 files deleted, 0 files added, 0 files changed.
[0m07:19:55.397203 [debug] [MainThread]: Partial parsing enabled, no changes found, skipping parsing
[0m07:19:55.444520 [debug] [MainThread]: Sending event: {'category': 'dbt', 'action': 'load_project', 'label': '0d4ef542-be6a-45d3-9fcc-a57fe86f053e', 'context': [<snowplow_tracker.self_describing_json.SelfDescribingJson object at 0x000001DBEFE00580>]}
[0m07:19:55.538830 [debug] [MainThread]: Sending event: {'category': 'dbt', 'action': 'resource_counts', 'label': '0d4ef542-be6a-45d3-9fcc-a57fe86f053e', 'context': [<snowplow_tracker.self_describing_json.SelfDescribingJson object at 0x000001DBEFDCF6D0>]}
[0m07:19:55.538830 [info ] [MainThread]: Found 2 models, 2 sources, 473 macros
[0m07:19:55.538830 [debug] [MainThread]: Sending event: {'category': 'dbt', 'action': 'runnable_timing', 'label': '0d4ef542-be6a-45d3-9fcc-a57fe86f053e', 'context': [<snowplow_tracker.self_describing_json.SelfDescribingJson object at 0x000001DBDC064CD0>]}
[0m07:19:55.538830 [info ] [MainThread]: 
[0m07:19:55.538830 [debug] [MainThread]: Acquiring new bigquery connection 'master'
[0m07:19:55.555079 [debug] [ThreadPool]: Acquiring new bigquery connection 'list_sentiment-analysis-410608'
[0m07:19:55.555079 [debug] [ThreadPool]: Opening a new connection, currently in state init
[0m07:19:55.886881 [debug] [MainThread]: Connection 'master' was properly closed.
[0m07:19:55.886881 [debug] [MainThread]: Connection 'list_sentiment-analysis-410608' was properly closed.
[0m07:19:55.886881 [info ] [MainThread]: 
[0m07:19:55.886881 [info ] [MainThread]: Finished running  in 0 hours 0 minutes and 0.35 seconds (0.35s).
[0m07:19:55.886881 [error] [MainThread]: Encountered an error:
Runtime Error
  Unable to generate access token, if you're using impersonate_service_account, make sure your initial account has the "roles/iam.serviceAccountTokenCreator" role on the account you are trying to impersonate.
  
  ('invalid_grant: Invalid JWT: Token must be a short-lived token (60 minutes) and in a reasonable timeframe. Check your iat and exp values in the JWT claim.', {'error': 'invalid_grant', 'error_description': 'Invalid JWT: Token must be a short-lived token (60 minutes) and in a reasonable timeframe. Check your iat and exp values in the JWT claim.'})
[0m07:19:55.901863 [debug] [MainThread]: Command `dbt run` failed at 07:19:55.901863 after 1.87 seconds
[0m07:19:55.902871 [debug] [MainThread]: Sending event: {'category': 'dbt', 'action': 'invocation', 'label': 'end', 'context': [<snowplow_tracker.self_describing_json.SelfDescribingJson object at 0x000001DBDB9C4AF0>, <snowplow_tracker.self_describing_json.SelfDescribingJson object at 0x000001DBEFDB9E10>, <snowplow_tracker.self_describing_json.SelfDescribingJson object at 0x000001DBEFDBA8F0>]}
[0m07:19:55.903625 [debug] [MainThread]: Flushing usage events
[0m07:26:14.459092 [debug] [MainThread]: Sending event: {'category': 'dbt', 'action': 'invocation', 'label': 'start', 'context': [<snowplow_tracker.self_describing_json.SelfDescribingJson object at 0x0000017FAC7B4AF0>, <snowplow_tracker.self_describing_json.SelfDescribingJson object at 0x0000017FAF1A3DC0>, <snowplow_tracker.self_describing_json.SelfDescribingJson object at 0x0000017FAF1A3460>]}


============================== 07:26:14.474752 | 0fd2d666-ab63-4f55-be8e-4da033a93868 ==============================
[0m07:26:14.474752 [info ] [MainThread]: Running with dbt=1.8.5
[0m07:26:14.474752 [debug] [MainThread]: running dbt with arguments {'printer_width': '80', 'indirect_selection': 'eager', 'write_json': 'True', 'log_cache_events': 'False', 'partial_parse': 'True', 'cache_selected_only': 'False', 'profiles_dir': 'C:\\Users\\T590\\.dbt', 'fail_fast': 'False', 'debug': 'False', 'log_path': 'C:\\Users\\T590\\Desktop\\yt-comment-analysis\\dbt\\logs', 'version_check': 'True', 'warn_error': 'None', 'use_colors': 'True', 'use_experimental_parser': 'False', 'no_print': 'None', 'quiet': 'False', 'empty': 'False', 'log_format': 'default', 'static_parser': 'True', 'invocation_command': 'dbt run', 'introspect': 'True', 'target_path': 'None', 'warn_error_options': 'WarnErrorOptions(include=[], exclude=[])', 'send_anonymous_usage_stats': 'True'}
[0m07:26:15.460043 [debug] [MainThread]: Sending event: {'category': 'dbt', 'action': 'project_id', 'label': '0fd2d666-ab63-4f55-be8e-4da033a93868', 'context': [<snowplow_tracker.self_describing_json.SelfDescribingJson object at 0x0000017FACA51ED0>]}
[0m07:26:15.569859 [debug] [MainThread]: Sending event: {'category': 'dbt', 'action': 'adapter_info', 'label': '0fd2d666-ab63-4f55-be8e-4da033a93868', 'context': [<snowplow_tracker.self_describing_json.SelfDescribingJson object at 0x0000017FBF6FDCF0>]}
[0m07:26:15.569859 [info ] [MainThread]: Registered adapter: bigquery=1.8.2
[0m07:26:15.594668 [debug] [MainThread]: checksum: 643640a45b16e0d012867be4ac17daaa0c3ce97300faec3ce9a6de300b5e1c09, vars: {}, profile: , target: , version: 1.8.5
[0m07:26:15.787748 [debug] [MainThread]: Partial parsing enabled: 0 files deleted, 0 files added, 0 files changed.
[0m07:26:15.787748 [debug] [MainThread]: Partial parsing enabled, no changes found, skipping parsing
[0m07:26:15.819000 [debug] [MainThread]: Sending event: {'category': 'dbt', 'action': 'load_project', 'label': '0fd2d666-ab63-4f55-be8e-4da033a93868', 'context': [<snowplow_tracker.self_describing_json.SelfDescribingJson object at 0x0000017FC0C00580>]}
[0m07:26:15.928883 [debug] [MainThread]: Sending event: {'category': 'dbt', 'action': 'resource_counts', 'label': '0fd2d666-ab63-4f55-be8e-4da033a93868', 'context': [<snowplow_tracker.self_describing_json.SelfDescribingJson object at 0x0000017FC0BCF6D0>]}
[0m07:26:15.928883 [info ] [MainThread]: Found 2 models, 2 sources, 473 macros
[0m07:26:15.928883 [debug] [MainThread]: Sending event: {'category': 'dbt', 'action': 'runnable_timing', 'label': '0fd2d666-ab63-4f55-be8e-4da033a93868', 'context': [<snowplow_tracker.self_describing_json.SelfDescribingJson object at 0x0000017FACB68CD0>]}
[0m07:26:15.928883 [info ] [MainThread]: 
[0m07:26:15.928883 [debug] [MainThread]: Acquiring new bigquery connection 'master'
[0m07:26:15.928883 [debug] [ThreadPool]: Acquiring new bigquery connection 'list_sentiment-analysis-410608'
[0m07:26:15.928883 [debug] [ThreadPool]: Opening a new connection, currently in state init
[0m07:26:16.272762 [debug] [MainThread]: Connection 'master' was properly closed.
[0m07:26:16.272762 [debug] [MainThread]: Connection 'list_sentiment-analysis-410608' was properly closed.
[0m07:26:16.272762 [info ] [MainThread]: 
[0m07:26:16.272762 [info ] [MainThread]: Finished running  in 0 hours 0 minutes and 0.34 seconds (0.34s).
[0m07:26:16.272762 [error] [MainThread]: Encountered an error:
Runtime Error
  Unable to generate access token, if you're using impersonate_service_account, make sure your initial account has the "roles/iam.serviceAccountTokenCreator" role on the account you are trying to impersonate.
  
  ('invalid_grant: Invalid JWT: Token must be a short-lived token (60 minutes) and in a reasonable timeframe. Check your iat and exp values in the JWT claim.', {'error': 'invalid_grant', 'error_description': 'Invalid JWT: Token must be a short-lived token (60 minutes) and in a reasonable timeframe. Check your iat and exp values in the JWT claim.'})
[0m07:26:16.288410 [debug] [MainThread]: Command `dbt run` failed at 07:26:16.288410 after 1.89 seconds
[0m07:26:16.288410 [debug] [MainThread]: Sending event: {'category': 'dbt', 'action': 'invocation', 'label': 'end', 'context': [<snowplow_tracker.self_describing_json.SelfDescribingJson object at 0x0000017FAC7B4AF0>, <snowplow_tracker.self_describing_json.SelfDescribingJson object at 0x0000017FC0BB9E10>, <snowplow_tracker.self_describing_json.SelfDescribingJson object at 0x0000017FC0BBA8F0>]}
[0m07:26:16.288410 [debug] [MainThread]: Flushing usage events
[0m17:27:37.037268 [debug] [MainThread]: Sending event: {'category': 'dbt', 'action': 'invocation', 'label': 'start', 'context': [<snowplow_tracker.self_describing_json.SelfDescribingJson object at 0x0000020C736B4B50>, <snowplow_tracker.self_describing_json.SelfDescribingJson object at 0x0000020C75FA3EB0>, <snowplow_tracker.self_describing_json.SelfDescribingJson object at 0x0000020C75FA3C70>]}


============================== 17:27:37.041888 | 4cbffef3-7cfb-499e-937a-50b794047550 ==============================
[0m17:27:37.041888 [info ] [MainThread]: Running with dbt=1.8.5
[0m17:27:37.042369 [debug] [MainThread]: running dbt with arguments {'printer_width': '80', 'indirect_selection': 'eager', 'log_cache_events': 'False', 'write_json': 'True', 'partial_parse': 'True', 'cache_selected_only': 'False', 'profiles_dir': 'C:\\Users\\T590\\.dbt', 'debug': 'False', 'fail_fast': 'False', 'log_path': 'C:\\Users\\T590\\Desktop\\yt-comment-analysis\\dbt\\logs', 'warn_error': 'None', 'version_check': 'True', 'use_colors': 'True', 'use_experimental_parser': 'False', 'empty': 'False', 'quiet': 'False', 'no_print': 'None', 'warn_error_options': 'WarnErrorOptions(include=[], exclude=[])', 'static_parser': 'True', 'invocation_command': 'dbt run', 'log_format': 'default', 'target_path': 'None', 'introspect': 'True', 'send_anonymous_usage_stats': 'True'}
[0m17:27:39.171104 [debug] [MainThread]: Sending event: {'category': 'dbt', 'action': 'project_id', 'label': '4cbffef3-7cfb-499e-937a-50b794047550', 'context': [<snowplow_tracker.self_describing_json.SelfDescribingJson object at 0x0000020C069E79A0>]}
[0m17:27:39.533457 [debug] [MainThread]: Sending event: {'category': 'dbt', 'action': 'adapter_info', 'label': '4cbffef3-7cfb-499e-937a-50b794047550', 'context': [<snowplow_tracker.self_describing_json.SelfDescribingJson object at 0x0000020C069E6140>]}
[0m17:27:39.536133 [info ] [MainThread]: Registered adapter: bigquery=1.8.2
[0m17:27:39.558695 [debug] [MainThread]: checksum: 643640a45b16e0d012867be4ac17daaa0c3ce97300faec3ce9a6de300b5e1c09, vars: {}, profile: , target: , version: 1.8.5
[0m17:27:40.105057 [debug] [MainThread]: Partial parsing enabled: 0 files deleted, 0 files added, 0 files changed.
[0m17:27:40.106057 [debug] [MainThread]: Partial parsing enabled, no changes found, skipping parsing
[0m17:27:40.218562 [debug] [MainThread]: Sending event: {'category': 'dbt', 'action': 'load_project', 'label': '4cbffef3-7cfb-499e-937a-50b794047550', 'context': [<snowplow_tracker.self_describing_json.SelfDescribingJson object at 0x0000020C07B005E0>]}
[0m17:27:40.574470 [debug] [MainThread]: Sending event: {'category': 'dbt', 'action': 'resource_counts', 'label': '4cbffef3-7cfb-499e-937a-50b794047550', 'context': [<snowplow_tracker.self_describing_json.SelfDescribingJson object at 0x0000020C07ACFD90>]}
[0m17:27:40.576472 [info ] [MainThread]: Found 2 models, 2 sources, 473 macros
[0m17:27:40.579469 [debug] [MainThread]: Sending event: {'category': 'dbt', 'action': 'runnable_timing', 'label': '4cbffef3-7cfb-499e-937a-50b794047550', 'context': [<snowplow_tracker.self_describing_json.SelfDescribingJson object at 0x0000020C07652860>]}
[0m17:27:40.584183 [info ] [MainThread]: 
[0m17:27:40.587180 [debug] [MainThread]: Acquiring new bigquery connection 'master'
[0m17:27:40.603876 [debug] [ThreadPool]: Acquiring new bigquery connection 'list_sentiment-analysis-410608'
[0m17:27:40.606877 [debug] [ThreadPool]: Opening a new connection, currently in state init
[0m17:27:41.598072 [debug] [ThreadPool]: Acquiring new bigquery connection 'list_sentiment-analysis-410608_youtube_sentiment'
[0m17:27:41.601004 [debug] [ThreadPool]: Opening a new connection, currently in state init
[0m17:27:42.238150 [debug] [MainThread]: Sending event: {'category': 'dbt', 'action': 'runnable_timing', 'label': '4cbffef3-7cfb-499e-937a-50b794047550', 'context': [<snowplow_tracker.self_describing_json.SelfDescribingJson object at 0x0000020C73790550>]}
[0m17:27:42.239150 [info ] [MainThread]: Concurrency: 1 threads (target='dev')
[0m17:27:42.240150 [info ] [MainThread]: 
[0m17:27:42.246998 [debug] [Thread-1 (]: Began running node model.youtube_sentiment.users
[0m17:27:42.247996 [info ] [Thread-1 (]: 1 of 2 START sql table model youtube_sentiment.users ........................... [RUN]
[0m17:27:42.249995 [debug] [Thread-1 (]: Acquiring new bigquery connection 'model.youtube_sentiment.users'
[0m17:27:42.250998 [debug] [Thread-1 (]: Began compiling node model.youtube_sentiment.users
[0m17:27:42.268991 [debug] [Thread-1 (]: Writing injected SQL for node "model.youtube_sentiment.users"
[0m17:27:42.271994 [debug] [Thread-1 (]: Began executing node model.youtube_sentiment.users
[0m17:27:42.300530 [debug] [Thread-1 (]: Opening a new connection, currently in state init
[0m17:27:43.015381 [debug] [Thread-1 (]: Writing runtime sql for node "model.youtube_sentiment.users"
[0m17:27:43.018380 [debug] [Thread-1 (]: On model.youtube_sentiment.users: /* {"app": "dbt", "dbt_version": "1.8.5", "profile_name": "youtube_sentiment", "target_name": "dev", "node_id": "model.youtube_sentiment.users"} */

  
    

    create or replace table `sentiment-analysis-410608`.`youtube_sentiment`.`users`
      
    
    

    OPTIONS()
    as (
      -- models/users.sql

WITH user_data AS (
    SELECT
        AUTHOR,
        COUNT(*) AS COMMENT_COUNT
    FROM
        `sentiment-analysis-410608`.`youtube_sentiment`.`comments`  -- Referencing the raw_comments table
    GROUP BY
        AUTHOR
)

SELECT * FROM user_data
    );
  
[0m17:27:44.671903 [debug] [Thread-1 (]: BigQuery adapter: https://console.cloud.google.com/bigquery?project=sentiment-analysis-410608&j=bq:australia-southeast1:e30f30d8-7b43-40dc-b821-e14c6f680a6e&page=queryresults
[0m17:27:46.856301 [debug] [Thread-1 (]: Sending event: {'category': 'dbt', 'action': 'run_model', 'label': '4cbffef3-7cfb-499e-937a-50b794047550', 'context': [<snowplow_tracker.self_describing_json.SelfDescribingJson object at 0x0000020C07AB8370>]}
[0m17:27:46.859302 [info ] [Thread-1 (]: 1 of 2 OK created sql table model youtube_sentiment.users ...................... [[32mCREATE TABLE (4.4k rows, 143.3 KiB processed)[0m in 4.60s]
[0m17:27:46.869039 [debug] [Thread-1 (]: Finished running node model.youtube_sentiment.users
[0m17:27:46.872041 [debug] [Thread-1 (]: Began running node model.youtube_sentiment.video_scores
[0m17:27:46.875039 [info ] [Thread-1 (]: 2 of 2 START sql table model youtube_sentiment.video_scores .................... [RUN]
[0m17:27:46.879039 [debug] [Thread-1 (]: Re-using an available connection from the pool (formerly model.youtube_sentiment.users, now model.youtube_sentiment.video_scores)
[0m17:27:46.881720 [debug] [Thread-1 (]: Began compiling node model.youtube_sentiment.video_scores
[0m17:27:46.970819 [debug] [Thread-1 (]: Writing injected SQL for node "model.youtube_sentiment.video_scores"
[0m17:27:46.978820 [debug] [Thread-1 (]: Began executing node model.youtube_sentiment.video_scores
[0m17:27:46.990828 [debug] [Thread-1 (]: Opening a new connection, currently in state closed
[0m17:27:47.715766 [debug] [Thread-1 (]: Writing runtime sql for node "model.youtube_sentiment.video_scores"
[0m17:27:47.717769 [debug] [Thread-1 (]: On model.youtube_sentiment.video_scores: /* {"app": "dbt", "dbt_version": "1.8.5", "profile_name": "youtube_sentiment", "target_name": "dev", "node_id": "model.youtube_sentiment.video_scores"} */

  
    

    create or replace table `sentiment-analysis-410608`.`youtube_sentiment`.`video_scores`
      
    
    

    OPTIONS()
    as (
      WITH comment_scores AS (
    SELECT
        VIDEO_ID,
        AVG(SCORE) AS AVERAGE_SCORE,
        MAX(SCORE) AS MAX_SCORE,
        MIN(SCORE) AS MIN_SCORE
    FROM
        `sentiment-analysis-410608`.`youtube_sentiment`.`comments` -- This refers to the comments table in dbt
    GROUP BY
        VIDEO_ID
)

SELECT
    v.ID,
    v.TITLE,
    v.DESCRIPTION,
    v.PUBLISHED_AT,
    v.CATEGORY_ID,
    v.DURATION,
    v.CAPTION,
    v.LIKE_COUNT,
    v.COMMENT_COUNT,
    v.VIEW_COUNT,
    cs.AVERAGE_SCORE,
    cs.MAX_SCORE,
    cs.MIN_SCORE
FROM
    `sentiment-analysis-410608`.`youtube_sentiment`.`videos` v -- This refers to the videos table in dbt
LEFT JOIN
    comment_scores cs
ON
    v.ID = cs.VIDEO_ID
    );
  
[0m17:27:49.279534 [debug] [Thread-1 (]: BigQuery adapter: https://console.cloud.google.com/bigquery?project=sentiment-analysis-410608&j=bq:australia-southeast1:7980688f-9dd4-448a-87d3-a4fa75cc23eb&page=queryresults
[0m17:27:51.374855 [debug] [Thread-1 (]: Sending event: {'category': 'dbt', 'action': 'run_model', 'label': '4cbffef3-7cfb-499e-937a-50b794047550', 'context': [<snowplow_tracker.self_describing_json.SelfDescribingJson object at 0x0000020C07AB9AB0>]}
[0m17:27:51.376852 [info ] [Thread-1 (]: 2 of 2 OK created sql table model youtube_sentiment.video_scores ............... [[32mCREATE TABLE (62.0 rows, 249.9 KiB processed)[0m in 4.50s]
[0m17:27:51.377849 [debug] [Thread-1 (]: Finished running node model.youtube_sentiment.video_scores
[0m17:27:51.379845 [debug] [MainThread]: Connection 'master' was properly closed.
[0m17:27:51.380846 [debug] [MainThread]: Connection 'list_sentiment-analysis-410608' was properly closed.
[0m17:27:51.381845 [debug] [MainThread]: Connection 'list_sentiment-analysis-410608_youtube_sentiment' was properly closed.
[0m17:27:51.382846 [debug] [MainThread]: Connection 'model.youtube_sentiment.video_scores' was properly closed.
[0m17:27:51.383849 [info ] [MainThread]: 
[0m17:27:51.384848 [info ] [MainThread]: Finished running 2 table models in 0 hours 0 minutes and 10.80 seconds (10.80s).
[0m17:27:51.387847 [debug] [MainThread]: Command end result
[0m17:27:51.444631 [info ] [MainThread]: 
[0m17:27:51.445629 [info ] [MainThread]: [32mCompleted successfully[0m
[0m17:27:51.446783 [info ] [MainThread]: 
[0m17:27:51.447993 [info ] [MainThread]: Done. PASS=2 WARN=0 ERROR=0 SKIP=0 TOTAL=2
[0m17:27:51.451006 [debug] [MainThread]: Command `dbt run` succeeded at 17:27:51.450009 after 14.50 seconds
[0m17:27:51.451006 [debug] [MainThread]: Sending event: {'category': 'dbt', 'action': 'invocation', 'label': 'end', 'context': [<snowplow_tracker.self_describing_json.SelfDescribingJson object at 0x0000020C736B4B50>, <snowplow_tracker.self_describing_json.SelfDescribingJson object at 0x0000020C069E79A0>, <snowplow_tracker.self_describing_json.SelfDescribingJson object at 0x0000020C7340F2B0>]}
[0m17:27:51.453170 [debug] [MainThread]: Flushing usage events
[0m14:42:36.517611 [debug] [MainThread]: Sending event: {'category': 'dbt', 'action': 'invocation', 'label': 'start', 'context': [<snowplow_tracker.self_describing_json.SelfDescribingJson object at 0x000002C757EB8B20>, <snowplow_tracker.self_describing_json.SelfDescribingJson object at 0x000002C75A7A3EB0>, <snowplow_tracker.self_describing_json.SelfDescribingJson object at 0x000002C75A7A2F80>]}


============================== 14:42:36.548917 | 11ab7f78-8af4-497e-9c35-37c7ef458a2b ==============================
[0m14:42:36.548917 [info ] [MainThread]: Running with dbt=1.8.5
[0m14:42:36.548917 [debug] [MainThread]: running dbt with arguments {'printer_width': '80', 'indirect_selection': 'eager', 'log_cache_events': 'False', 'write_json': 'True', 'partial_parse': 'True', 'cache_selected_only': 'False', 'profiles_dir': 'C:\\Users\\T590\\.dbt', 'fail_fast': 'False', 'warn_error': 'None', 'log_path': 'C:\\Users\\T590\\Desktop\\yt-comment-analysis\\dbt\\logs', 'debug': 'False', 'version_check': 'True', 'use_colors': 'True', 'use_experimental_parser': 'False', 'no_print': 'None', 'quiet': 'False', 'empty': 'False', 'warn_error_options': 'WarnErrorOptions(include=[], exclude=[])', 'introspect': 'True', 'invocation_command': 'dbt run', 'log_format': 'default', 'target_path': 'None', 'static_parser': 'True', 'send_anonymous_usage_stats': 'True'}
[0m14:42:52.037279 [debug] [MainThread]: Sending event: {'category': 'dbt', 'action': 'project_id', 'label': '11ab7f78-8af4-497e-9c35-37c7ef458a2b', 'context': [<snowplow_tracker.self_describing_json.SelfDescribingJson object at 0x000002C76B0F79A0>]}
[0m14:42:52.171564 [debug] [MainThread]: Sending event: {'category': 'dbt', 'action': 'adapter_info', 'label': '11ab7f78-8af4-497e-9c35-37c7ef458a2b', 'context': [<snowplow_tracker.self_describing_json.SelfDescribingJson object at 0x000002C7597E43D0>]}
[0m14:42:52.171564 [info ] [MainThread]: Registered adapter: bigquery=1.8.2
[0m14:42:52.223884 [debug] [MainThread]: checksum: 643640a45b16e0d012867be4ac17daaa0c3ce97300faec3ce9a6de300b5e1c09, vars: {}, profile: , target: , version: 1.8.5
[0m14:42:54.091814 [debug] [MainThread]: Partial parsing enabled: 0 files deleted, 0 files added, 0 files changed.
[0m14:42:54.092879 [debug] [MainThread]: Partial parsing enabled, no changes found, skipping parsing
[0m14:42:54.156498 [debug] [MainThread]: Sending event: {'category': 'dbt', 'action': 'load_project', 'label': '11ab7f78-8af4-497e-9c35-37c7ef458a2b', 'context': [<snowplow_tracker.self_describing_json.SelfDescribingJson object at 0x000002C76C3005E0>]}
[0m14:42:54.605825 [debug] [MainThread]: Sending event: {'category': 'dbt', 'action': 'resource_counts', 'label': '11ab7f78-8af4-497e-9c35-37c7ef458a2b', 'context': [<snowplow_tracker.self_describing_json.SelfDescribingJson object at 0x000002C76C2CD450>]}
[0m14:42:54.605825 [info ] [MainThread]: Found 2 models, 2 sources, 473 macros
[0m14:42:54.605825 [debug] [MainThread]: Sending event: {'category': 'dbt', 'action': 'runnable_timing', 'label': '11ab7f78-8af4-497e-9c35-37c7ef458a2b', 'context': [<snowplow_tracker.self_describing_json.SelfDescribingJson object at 0x000002C76C2CF190>]}
[0m14:42:54.613339 [info ] [MainThread]: 
[0m14:42:54.613339 [debug] [MainThread]: Acquiring new bigquery connection 'master'
[0m14:42:54.613339 [debug] [ThreadPool]: Acquiring new bigquery connection 'list_sentiment-analysis-410608'
[0m14:42:54.613339 [debug] [ThreadPool]: Opening a new connection, currently in state init
[0m14:42:56.078514 [debug] [ThreadPool]: Acquiring new bigquery connection 'list_sentiment-analysis-410608_youtube_sentiment'
[0m14:42:56.078514 [debug] [ThreadPool]: Opening a new connection, currently in state init
[0m14:42:56.751303 [debug] [MainThread]: Sending event: {'category': 'dbt', 'action': 'runnable_timing', 'label': '11ab7f78-8af4-497e-9c35-37c7ef458a2b', 'context': [<snowplow_tracker.self_describing_json.SelfDescribingJson object at 0x000002C76B0ABDC0>]}
[0m14:42:56.751303 [info ] [MainThread]: Concurrency: 1 threads (target='dev')
[0m14:42:56.766596 [info ] [MainThread]: 
[0m14:42:56.782745 [debug] [Thread-1 (]: Began running node model.youtube_sentiment.users
[0m14:42:56.782745 [info ] [Thread-1 (]: 1 of 2 START sql table model youtube_sentiment.users ........................... [RUN]
[0m14:42:56.782745 [debug] [Thread-1 (]: Acquiring new bigquery connection 'model.youtube_sentiment.users'
[0m14:42:56.782745 [debug] [Thread-1 (]: Began compiling node model.youtube_sentiment.users
[0m14:42:56.835579 [debug] [Thread-1 (]: Writing injected SQL for node "model.youtube_sentiment.users"
[0m14:42:56.846855 [debug] [Thread-1 (]: Began executing node model.youtube_sentiment.users
[0m14:42:56.878645 [debug] [Thread-1 (]: Opening a new connection, currently in state init
[0m14:42:57.557422 [debug] [Thread-1 (]: Writing runtime sql for node "model.youtube_sentiment.users"
[0m14:42:57.574124 [debug] [Thread-1 (]: On model.youtube_sentiment.users: /* {"app": "dbt", "dbt_version": "1.8.5", "profile_name": "youtube_sentiment", "target_name": "dev", "node_id": "model.youtube_sentiment.users"} */

  
    

    create or replace table `sentiment-analysis-410608`.`youtube_sentiment`.`users`
      
    
    

    OPTIONS()
    as (
      -- models/users.sql

WITH user_data AS (
    SELECT
        AUTHOR,
        COUNT(*) AS COMMENT_COUNT
    FROM
        `sentiment-analysis-410608`.`youtube_sentiment`.`comments`  -- Referencing the raw_comments table
    GROUP BY
        AUTHOR
)

SELECT * FROM user_data
    );
  
[0m14:42:59.229608 [debug] [Thread-1 (]: BigQuery adapter: https://console.cloud.google.com/bigquery?project=sentiment-analysis-410608&j=bq:australia-southeast1:db101ba2-8013-4cbb-b115-9806a5e028d3&page=queryresults
[0m14:43:01.317820 [debug] [Thread-1 (]: Sending event: {'category': 'dbt', 'action': 'run_model', 'label': '11ab7f78-8af4-497e-9c35-37c7ef458a2b', 'context': [<snowplow_tracker.self_describing_json.SelfDescribingJson object at 0x000002C76C2B8340>]}
[0m14:43:01.317820 [info ] [Thread-1 (]: 1 of 2 OK created sql table model youtube_sentiment.users ...................... [[32mCREATE TABLE (4.4k rows, 143.3 KiB processed)[0m in 4.52s]
[0m14:43:01.317820 [debug] [Thread-1 (]: Finished running node model.youtube_sentiment.users
[0m14:43:01.317820 [debug] [Thread-1 (]: Began running node model.youtube_sentiment.video_scores
[0m14:43:01.317820 [info ] [Thread-1 (]: 2 of 2 START sql table model youtube_sentiment.video_scores .................... [RUN]
[0m14:43:01.317820 [debug] [Thread-1 (]: Re-using an available connection from the pool (formerly model.youtube_sentiment.users, now model.youtube_sentiment.video_scores)
[0m14:43:01.317820 [debug] [Thread-1 (]: Began compiling node model.youtube_sentiment.video_scores
[0m14:43:01.317820 [debug] [Thread-1 (]: Writing injected SQL for node "model.youtube_sentiment.video_scores"
[0m14:43:01.333575 [debug] [Thread-1 (]: Began executing node model.youtube_sentiment.video_scores
[0m14:43:01.333575 [debug] [Thread-1 (]: Opening a new connection, currently in state closed
[0m14:43:02.007514 [debug] [Thread-1 (]: Writing runtime sql for node "model.youtube_sentiment.video_scores"
[0m14:43:02.016734 [debug] [Thread-1 (]: On model.youtube_sentiment.video_scores: /* {"app": "dbt", "dbt_version": "1.8.5", "profile_name": "youtube_sentiment", "target_name": "dev", "node_id": "model.youtube_sentiment.video_scores"} */

  
    

    create or replace table `sentiment-analysis-410608`.`youtube_sentiment`.`video_scores`
      
    
    

    OPTIONS()
    as (
      WITH comment_scores AS (
    SELECT
        VIDEO_ID,
        AVG(SCORE) AS AVERAGE_SCORE,
        MAX(SCORE) AS MAX_SCORE,
        MIN(SCORE) AS MIN_SCORE
    FROM
        `sentiment-analysis-410608`.`youtube_sentiment`.`comments` -- This refers to the comments table in dbt
    GROUP BY
        VIDEO_ID
)

SELECT
    v.ID,
    v.TITLE,
    v.DESCRIPTION,
    v.PUBLISHED_AT,
    v.CATEGORY_ID,
    v.DURATION,
    v.CAPTION,
    v.LIKE_COUNT,
    v.COMMENT_COUNT,
    v.VIEW_COUNT,
    cs.AVERAGE_SCORE,
    cs.MAX_SCORE,
    cs.MIN_SCORE
FROM
    `sentiment-analysis-410608`.`youtube_sentiment`.`videos` v -- This refers to the videos table in dbt
LEFT JOIN
    comment_scores cs
ON
    v.ID = cs.VIDEO_ID
    );
  
[0m14:43:03.336116 [debug] [Thread-1 (]: BigQuery adapter: https://console.cloud.google.com/bigquery?project=sentiment-analysis-410608&j=bq:australia-southeast1:9817f63d-ecdc-4723-be49-b1485fb1a0e7&page=queryresults
[0m14:43:05.762498 [debug] [Thread-1 (]: Sending event: {'category': 'dbt', 'action': 'run_model', 'label': '11ab7f78-8af4-497e-9c35-37c7ef458a2b', 'context': [<snowplow_tracker.self_describing_json.SelfDescribingJson object at 0x000002C76C2B9960>]}
[0m14:43:05.762498 [info ] [Thread-1 (]: 2 of 2 OK created sql table model youtube_sentiment.video_scores ............... [[32mCREATE TABLE (62.0 rows, 249.9 KiB processed)[0m in 4.44s]
[0m14:43:05.762498 [debug] [Thread-1 (]: Finished running node model.youtube_sentiment.video_scores
[0m14:43:05.774023 [debug] [MainThread]: Connection 'master' was properly closed.
[0m14:43:05.774538 [debug] [MainThread]: Connection 'list_sentiment-analysis-410608' was properly closed.
[0m14:43:05.774538 [debug] [MainThread]: Connection 'list_sentiment-analysis-410608_youtube_sentiment' was properly closed.
[0m14:43:05.778107 [debug] [MainThread]: Connection 'model.youtube_sentiment.video_scores' was properly closed.
[0m14:43:05.779483 [info ] [MainThread]: 
[0m14:43:05.779483 [info ] [MainThread]: Finished running 2 table models in 0 hours 0 minutes and 11.17 seconds (11.17s).
[0m14:43:05.784578 [debug] [MainThread]: Command end result
[0m14:43:05.828057 [info ] [MainThread]: 
[0m14:43:05.829760 [info ] [MainThread]: [32mCompleted successfully[0m
[0m14:43:05.831174 [info ] [MainThread]: 
[0m14:43:05.832850 [info ] [MainThread]: Done. PASS=2 WARN=0 ERROR=0 SKIP=0 TOTAL=2
[0m14:43:05.835235 [debug] [MainThread]: Command `dbt run` succeeded at 14:43:05.835235 after 29.41 seconds
[0m14:43:05.835235 [debug] [MainThread]: Sending event: {'category': 'dbt', 'action': 'invocation', 'label': 'end', 'context': [<snowplow_tracker.self_describing_json.SelfDescribingJson object at 0x000002C757EB8B20>, <snowplow_tracker.self_describing_json.SelfDescribingJson object at 0x000002C759A1B7F0>, <snowplow_tracker.self_describing_json.SelfDescribingJson object at 0x000002C76C60FAF0>]}
[0m14:43:05.835235 [debug] [MainThread]: Flushing usage events
[0m14:45:53.145765 [debug] [MainThread]: Sending event: {'category': 'dbt', 'action': 'invocation', 'label': 'start', 'context': [<snowplow_tracker.self_describing_json.SelfDescribingJson object at 0x000002292CFC8B50>, <snowplow_tracker.self_describing_json.SelfDescribingJson object at 0x000002292F7EFB50>, <snowplow_tracker.self_describing_json.SelfDescribingJson object at 0x000002292F7EC2E0>]}


============================== 14:45:53.149743 | 6a3f120f-7c48-4bcf-ac97-bdea8dca9870 ==============================
[0m14:45:53.149743 [info ] [MainThread]: Running with dbt=1.8.5
[0m14:45:53.149743 [debug] [MainThread]: running dbt with arguments {'printer_width': '80', 'indirect_selection': 'eager', 'write_json': 'True', 'log_cache_events': 'False', 'partial_parse': 'True', 'cache_selected_only': 'False', 'warn_error': 'None', 'fail_fast': 'False', 'version_check': 'True', 'log_path': 'C:\\Users\\T590\\Desktop\\yt-comment-analysis\\dbt\\logs', 'debug': 'False', 'profiles_dir': 'C:\\Users\\T590\\.dbt', 'use_colors': 'True', 'use_experimental_parser': 'False', 'no_print': 'None', 'quiet': 'False', 'empty': 'False', 'log_format': 'default', 'static_parser': 'True', 'introspect': 'True', 'invocation_command': 'dbt run', 'target_path': 'None', 'warn_error_options': 'WarnErrorOptions(include=[], exclude=[])', 'send_anonymous_usage_stats': 'True'}
[0m14:45:54.185264 [debug] [MainThread]: Sending event: {'category': 'dbt', 'action': 'project_id', 'label': '6a3f120f-7c48-4bcf-ac97-bdea8dca9870', 'context': [<snowplow_tracker.self_describing_json.SelfDescribingJson object at 0x0000022940E89A80>]}
[0m14:45:54.319427 [debug] [MainThread]: Sending event: {'category': 'dbt', 'action': 'adapter_info', 'label': '6a3f120f-7c48-4bcf-ac97-bdea8dca9870', 'context': [<snowplow_tracker.self_describing_json.SelfDescribingJson object at 0x000002292F2FD600>]}
[0m14:45:54.319427 [info ] [MainThread]: Registered adapter: bigquery=1.8.2
[0m14:45:54.336862 [debug] [MainThread]: checksum: 643640a45b16e0d012867be4ac17daaa0c3ce97300faec3ce9a6de300b5e1c09, vars: {}, profile: , target: , version: 1.8.5
[0m14:45:54.563338 [debug] [MainThread]: Partial parsing enabled: 0 files deleted, 0 files added, 2 files changed.
[0m14:45:54.563338 [debug] [MainThread]: Partial parsing: updated file: youtube_sentiment://models\video_scores.sql
[0m14:45:54.563338 [debug] [MainThread]: Partial parsing: updated file: youtube_sentiment://models\users.sql
[0m14:45:54.831541 [debug] [MainThread]: Sending event: {'category': 'dbt', 'action': 'load_project', 'label': '6a3f120f-7c48-4bcf-ac97-bdea8dca9870', 'context': [<snowplow_tracker.self_describing_json.SelfDescribingJson object at 0x000002294155C130>]}
[0m14:45:54.943205 [debug] [MainThread]: Sending event: {'category': 'dbt', 'action': 'resource_counts', 'label': '6a3f120f-7c48-4bcf-ac97-bdea8dca9870', 'context': [<snowplow_tracker.self_describing_json.SelfDescribingJson object at 0x000002294155C670>]}
[0m14:45:54.945224 [info ] [MainThread]: Found 2 models, 2 sources, 473 macros
[0m14:45:54.945224 [debug] [MainThread]: Sending event: {'category': 'dbt', 'action': 'runnable_timing', 'label': '6a3f120f-7c48-4bcf-ac97-bdea8dca9870', 'context': [<snowplow_tracker.self_describing_json.SelfDescribingJson object at 0x000002294155D810>]}
[0m14:45:54.945224 [info ] [MainThread]: 
[0m14:45:54.945224 [debug] [MainThread]: Acquiring new bigquery connection 'master'
[0m14:45:54.945224 [debug] [ThreadPool]: Acquiring new bigquery connection 'list_sentiment-analysis-410608'
[0m14:45:54.945224 [debug] [ThreadPool]: Opening a new connection, currently in state init
[0m14:45:55.982579 [debug] [ThreadPool]: Acquiring new bigquery connection 'list_sentiment-analysis-410608_youtube_sentiment'
[0m14:45:55.990100 [debug] [ThreadPool]: Opening a new connection, currently in state init
[0m14:45:56.639863 [debug] [MainThread]: Sending event: {'category': 'dbt', 'action': 'runnable_timing', 'label': '6a3f120f-7c48-4bcf-ac97-bdea8dca9870', 'context': [<snowplow_tracker.self_describing_json.SelfDescribingJson object at 0x00000229402956C0>]}
[0m14:45:56.639863 [info ] [MainThread]: Concurrency: 1 threads (target='dev')
[0m14:45:56.639863 [info ] [MainThread]: 
[0m14:45:56.662900 [debug] [Thread-1 (]: Began running node model.youtube_sentiment.users
[0m14:45:56.664062 [info ] [Thread-1 (]: 1 of 2 START sql table model youtube_sentiment.users ........................... [RUN]
[0m14:45:56.665503 [debug] [Thread-1 (]: Acquiring new bigquery connection 'model.youtube_sentiment.users'
[0m14:45:56.667077 [debug] [Thread-1 (]: Began compiling node model.youtube_sentiment.users
[0m14:45:56.676511 [debug] [Thread-1 (]: Writing injected SQL for node "model.youtube_sentiment.users"
[0m14:45:56.676511 [debug] [Thread-1 (]: Began executing node model.youtube_sentiment.users
[0m14:45:56.699419 [debug] [Thread-1 (]: Opening a new connection, currently in state init
[0m14:45:57.307233 [debug] [Thread-1 (]: Writing runtime sql for node "model.youtube_sentiment.users"
[0m14:45:57.307233 [debug] [Thread-1 (]: On model.youtube_sentiment.users: /* {"app": "dbt", "dbt_version": "1.8.5", "profile_name": "youtube_sentiment", "target_name": "dev", "node_id": "model.youtube_sentiment.users"} */

  
    

    create or replace table `sentiment-analysis-410608`.`youtube_sentiment`.`users`
      
    
    

    OPTIONS()
    as (
      -- models/users.sql

WITH user_data AS (
    SELECT
        AUTHOR,
        COUNT(*) AS COMMENT_COUNT
    FROM
        youtube_sentiment.comments  -- Referencing the raw_comments table
    GROUP BY
        AUTHOR
)

SELECT * FROM user_data
    );
  
[0m14:45:59.056845 [debug] [Thread-1 (]: BigQuery adapter: https://console.cloud.google.com/bigquery?project=sentiment-analysis-410608&j=bq:australia-southeast1:ed9d5e5b-598c-487e-bb6a-a27fe521c970&page=queryresults
[0m14:46:00.955576 [debug] [Thread-1 (]: Sending event: {'category': 'dbt', 'action': 'run_model', 'label': '6a3f120f-7c48-4bcf-ac97-bdea8dca9870', 'context': [<snowplow_tracker.self_describing_json.SelfDescribingJson object at 0x000002294155EBC0>]}
[0m14:46:00.955576 [info ] [Thread-1 (]: 1 of 2 OK created sql table model youtube_sentiment.users ...................... [[32mCREATE TABLE (4.4k rows, 143.3 KiB processed)[0m in 4.29s]
[0m14:46:00.955576 [debug] [Thread-1 (]: Finished running node model.youtube_sentiment.users
[0m14:46:00.970321 [debug] [Thread-1 (]: Began running node model.youtube_sentiment.video_scores
[0m14:46:00.971332 [info ] [Thread-1 (]: 2 of 2 START sql table model youtube_sentiment.video_scores .................... [RUN]
[0m14:46:00.971332 [debug] [Thread-1 (]: Re-using an available connection from the pool (formerly model.youtube_sentiment.users, now model.youtube_sentiment.video_scores)
[0m14:46:00.971332 [debug] [Thread-1 (]: Began compiling node model.youtube_sentiment.video_scores
[0m14:46:00.971332 [debug] [Thread-1 (]: Writing injected SQL for node "model.youtube_sentiment.video_scores"
[0m14:46:00.971332 [debug] [Thread-1 (]: Began executing node model.youtube_sentiment.video_scores
[0m14:46:00.971332 [debug] [Thread-1 (]: Opening a new connection, currently in state closed
[0m14:46:01.565000 [debug] [Thread-1 (]: Writing runtime sql for node "model.youtube_sentiment.video_scores"
[0m14:46:01.566661 [debug] [Thread-1 (]: On model.youtube_sentiment.video_scores: /* {"app": "dbt", "dbt_version": "1.8.5", "profile_name": "youtube_sentiment", "target_name": "dev", "node_id": "model.youtube_sentiment.video_scores"} */

  
    

    create or replace table `sentiment-analysis-410608`.`youtube_sentiment`.`video_scores`
      
    
    

    OPTIONS()
    as (
      WITH comment_scores AS (
    SELECT
        VIDEO_ID,
        AVG(SCORE) AS AVERAGE_SCORE,
        MAX(SCORE) AS MAX_SCORE,
        MIN(SCORE) AS MIN_SCORE
    FROM
        youtube_sentiment.comments -- This refers to the comments table in dbt
    GROUP BY
        VIDEO_ID
)

SELECT
    v.ID,
    v.TITLE,
    v.DESCRIPTION,
    v.PUBLISHED_AT,
    v.CATEGORY_ID,
    v.DURATION,
    v.CAPTION,
    v.LIKE_COUNT,
    v.COMMENT_COUNT,
    v.VIEW_COUNT,
    cs.AVERAGE_SCORE,
    cs.MAX_SCORE,
    cs.MIN_SCORE
FROM
    youtube_sentiment.videos v -- This refers to the videos table in dbt
LEFT JOIN
    comment_scores cs
ON
    v.ID = cs.VIDEO_ID
    );
  
[0m14:46:02.844098 [debug] [Thread-1 (]: BigQuery adapter: https://console.cloud.google.com/bigquery?project=sentiment-analysis-410608&j=bq:australia-southeast1:9d0f71d2-0d00-4a0b-86d4-84b982590e53&page=queryresults
[0m14:46:05.328881 [debug] [Thread-1 (]: Sending event: {'category': 'dbt', 'action': 'run_model', 'label': '6a3f120f-7c48-4bcf-ac97-bdea8dca9870', 'context': [<snowplow_tracker.self_describing_json.SelfDescribingJson object at 0x0000022941512620>]}
[0m14:46:05.328881 [info ] [Thread-1 (]: 2 of 2 OK created sql table model youtube_sentiment.video_scores ............... [[32mCREATE TABLE (62.0 rows, 249.9 KiB processed)[0m in 4.36s]
[0m14:46:05.328881 [debug] [Thread-1 (]: Finished running node model.youtube_sentiment.video_scores
[0m14:46:05.344603 [debug] [MainThread]: Connection 'master' was properly closed.
[0m14:46:05.347686 [debug] [MainThread]: Connection 'list_sentiment-analysis-410608' was properly closed.
[0m14:46:05.351124 [debug] [MainThread]: Connection 'list_sentiment-analysis-410608_youtube_sentiment' was properly closed.
[0m14:46:05.353574 [debug] [MainThread]: Connection 'model.youtube_sentiment.video_scores' was properly closed.
[0m14:46:05.357038 [info ] [MainThread]: 
[0m14:46:05.357038 [info ] [MainThread]: Finished running 2 table models in 0 hours 0 minutes and 10.41 seconds (10.41s).
[0m14:46:05.362909 [debug] [MainThread]: Command end result
[0m14:46:05.417260 [info ] [MainThread]: 
[0m14:46:05.417260 [info ] [MainThread]: [32mCompleted successfully[0m
[0m14:46:05.423767 [info ] [MainThread]: 
[0m14:46:05.423767 [info ] [MainThread]: Done. PASS=2 WARN=0 ERROR=0 SKIP=0 TOTAL=2
[0m14:46:05.425298 [debug] [MainThread]: Command `dbt run` succeeded at 14:46:05.425298 after 12.37 seconds
[0m14:46:05.426806 [debug] [MainThread]: Sending event: {'category': 'dbt', 'action': 'invocation', 'label': 'end', 'context': [<snowplow_tracker.self_describing_json.SelfDescribingJson object at 0x000002292CFC8B50>, <snowplow_tracker.self_describing_json.SelfDescribingJson object at 0x0000022941439E40>, <snowplow_tracker.self_describing_json.SelfDescribingJson object at 0x000002292D6985E0>]}
[0m14:46:05.426806 [debug] [MainThread]: Flushing usage events
[0m14:53:01.386655 [debug] [MainThread]: Sending event: {'category': 'dbt', 'action': 'invocation', 'label': 'start', 'context': [<snowplow_tracker.self_describing_json.SelfDescribingJson object at 0x00000234829B4B20>, <snowplow_tracker.self_describing_json.SelfDescribingJson object at 0x00000234852A3EB0>, <snowplow_tracker.self_describing_json.SelfDescribingJson object at 0x00000234852A2F80>]}


============================== 14:53:01.389163 | 0bb45cc1-13d5-4d89-b743-02971c190944 ==============================
[0m14:53:01.389163 [info ] [MainThread]: Running with dbt=1.8.5
[0m14:53:01.389163 [debug] [MainThread]: running dbt with arguments {'printer_width': '80', 'indirect_selection': 'eager', 'log_cache_events': 'False', 'write_json': 'True', 'partial_parse': 'True', 'cache_selected_only': 'False', 'warn_error': 'None', 'version_check': 'True', 'profiles_dir': 'C:\\Users\\T590\\.dbt', 'log_path': 'C:\\Users\\T590\\Desktop\\yt-comment-analysis\\dbt\\logs', 'debug': 'False', 'fail_fast': 'False', 'use_colors': 'True', 'use_experimental_parser': 'False', 'no_print': 'None', 'quiet': 'False', 'empty': 'False', 'log_format': 'default', 'introspect': 'True', 'warn_error_options': 'WarnErrorOptions(include=[], exclude=[])', 'invocation_command': 'dbt run', 'target_path': 'None', 'static_parser': 'True', 'send_anonymous_usage_stats': 'True'}
[0m14:53:02.469771 [debug] [MainThread]: Sending event: {'category': 'dbt', 'action': 'project_id', 'label': '0bb45cc1-13d5-4d89-b743-02971c190944', 'context': [<snowplow_tracker.self_describing_json.SelfDescribingJson object at 0x0000023495CE79A0>]}
[0m14:53:02.595333 [debug] [MainThread]: Sending event: {'category': 'dbt', 'action': 'adapter_info', 'label': '0bb45cc1-13d5-4d89-b743-02971c190944', 'context': [<snowplow_tracker.self_describing_json.SelfDescribingJson object at 0x00000234844E83D0>]}
[0m14:53:02.595333 [info ] [MainThread]: Registered adapter: bigquery=1.8.2
[0m14:53:02.618851 [debug] [MainThread]: checksum: 643640a45b16e0d012867be4ac17daaa0c3ce97300faec3ce9a6de300b5e1c09, vars: {}, profile: , target: , version: 1.8.5
[0m14:53:02.795637 [debug] [MainThread]: Partial parsing enabled: 1 files deleted, 0 files added, 0 files changed.
[0m14:53:02.864146 [debug] [MainThread]: Sending event: {'category': 'dbt', 'action': 'load_project', 'label': '0bb45cc1-13d5-4d89-b743-02971c190944', 'context': [<snowplow_tracker.self_describing_json.SelfDescribingJson object at 0x0000023496E11990>]}
[0m14:53:02.953544 [debug] [MainThread]: Sending event: {'category': 'dbt', 'action': 'resource_counts', 'label': '0bb45cc1-13d5-4d89-b743-02971c190944', 'context': [<snowplow_tracker.self_describing_json.SelfDescribingJson object at 0x0000023496E10070>]}
[0m14:53:02.953544 [info ] [MainThread]: Found 2 models, 473 macros
[0m14:53:02.963843 [debug] [MainThread]: Sending event: {'category': 'dbt', 'action': 'runnable_timing', 'label': '0bb45cc1-13d5-4d89-b743-02971c190944', 'context': [<snowplow_tracker.self_describing_json.SelfDescribingJson object at 0x0000023496E10C10>]}
[0m14:53:02.963843 [info ] [MainThread]: 
[0m14:53:02.963843 [debug] [MainThread]: Acquiring new bigquery connection 'master'
[0m14:53:02.971162 [debug] [ThreadPool]: Acquiring new bigquery connection 'list_sentiment-analysis-410608'
[0m14:53:02.973240 [debug] [ThreadPool]: Opening a new connection, currently in state init
[0m14:53:04.017077 [debug] [ThreadPool]: Acquiring new bigquery connection 'list_sentiment-analysis-410608_youtube_sentiment'
[0m14:53:04.017077 [debug] [ThreadPool]: Opening a new connection, currently in state init
[0m14:53:04.677427 [debug] [MainThread]: Sending event: {'category': 'dbt', 'action': 'runnable_timing', 'label': '0bb45cc1-13d5-4d89-b743-02971c190944', 'context': [<snowplow_tracker.self_describing_json.SelfDescribingJson object at 0x00000234852EC820>]}
[0m14:53:04.677427 [info ] [MainThread]: Concurrency: 1 threads (target='dev')
[0m14:53:04.677427 [info ] [MainThread]: 
[0m14:53:04.691893 [debug] [Thread-1 (]: Began running node model.youtube_sentiment.users
[0m14:53:04.691893 [info ] [Thread-1 (]: 1 of 2 START sql table model youtube_sentiment.users ........................... [RUN]
[0m14:53:04.699949 [debug] [Thread-1 (]: Acquiring new bigquery connection 'model.youtube_sentiment.users'
[0m14:53:04.703474 [debug] [Thread-1 (]: Began compiling node model.youtube_sentiment.users
[0m14:53:04.712639 [debug] [Thread-1 (]: Writing injected SQL for node "model.youtube_sentiment.users"
[0m14:53:04.723204 [debug] [Thread-1 (]: Began executing node model.youtube_sentiment.users
[0m14:53:04.746322 [debug] [Thread-1 (]: Opening a new connection, currently in state init
[0m14:53:05.497453 [debug] [Thread-1 (]: Writing runtime sql for node "model.youtube_sentiment.users"
[0m14:53:05.497453 [debug] [Thread-1 (]: On model.youtube_sentiment.users: /* {"app": "dbt", "dbt_version": "1.8.5", "profile_name": "youtube_sentiment", "target_name": "dev", "node_id": "model.youtube_sentiment.users"} */

  
    

    create or replace table `sentiment-analysis-410608`.`youtube_sentiment`.`users`
      
    
    

    OPTIONS()
    as (
      -- models/users.sql

WITH user_data AS (
    SELECT
        AUTHOR,
        COUNT(*) AS COMMENT_COUNT
    FROM
        youtube_sentiment.comments  -- Referencing the raw_comments table
    GROUP BY
        AUTHOR
)

SELECT * FROM user_data
    );
  
[0m14:53:07.178521 [debug] [Thread-1 (]: BigQuery adapter: https://console.cloud.google.com/bigquery?project=sentiment-analysis-410608&j=bq:australia-southeast1:4afa7dd2-d529-495f-9d17-00c1f8bcdb93&page=queryresults
[0m14:53:09.201050 [debug] [Thread-1 (]: Sending event: {'category': 'dbt', 'action': 'run_model', 'label': '0bb45cc1-13d5-4d89-b743-02971c190944', 'context': [<snowplow_tracker.self_describing_json.SelfDescribingJson object at 0x0000023496DA0940>]}
[0m14:53:09.201050 [info ] [Thread-1 (]: 1 of 2 OK created sql table model youtube_sentiment.users ...................... [[32mCREATE TABLE (4.4k rows, 143.3 KiB processed)[0m in 4.51s]
[0m14:53:09.207940 [debug] [Thread-1 (]: Finished running node model.youtube_sentiment.users
[0m14:53:09.209324 [debug] [Thread-1 (]: Began running node model.youtube_sentiment.video_scores
[0m14:53:09.210476 [info ] [Thread-1 (]: 2 of 2 START sql table model youtube_sentiment.video_scores .................... [RUN]
[0m14:53:09.210476 [debug] [Thread-1 (]: Re-using an available connection from the pool (formerly model.youtube_sentiment.users, now model.youtube_sentiment.video_scores)
[0m14:53:09.210476 [debug] [Thread-1 (]: Began compiling node model.youtube_sentiment.video_scores
[0m14:53:09.210476 [debug] [Thread-1 (]: Writing injected SQL for node "model.youtube_sentiment.video_scores"
[0m14:53:09.210476 [debug] [Thread-1 (]: Began executing node model.youtube_sentiment.video_scores
[0m14:53:09.217942 [debug] [Thread-1 (]: Opening a new connection, currently in state closed
[0m14:53:09.798352 [debug] [Thread-1 (]: Writing runtime sql for node "model.youtube_sentiment.video_scores"
[0m14:53:09.798352 [debug] [Thread-1 (]: On model.youtube_sentiment.video_scores: /* {"app": "dbt", "dbt_version": "1.8.5", "profile_name": "youtube_sentiment", "target_name": "dev", "node_id": "model.youtube_sentiment.video_scores"} */

  
    

    create or replace table `sentiment-analysis-410608`.`youtube_sentiment`.`video_scores`
      
    
    

    OPTIONS()
    as (
      WITH comment_scores AS (
    SELECT
        VIDEO_ID,
        AVG(SCORE) AS AVERAGE_SCORE,
        MAX(SCORE) AS MAX_SCORE,
        MIN(SCORE) AS MIN_SCORE
    FROM
        youtube_sentiment.comments -- This refers to the comments table in dbt
    GROUP BY
        VIDEO_ID
)

SELECT
    v.ID,
    v.TITLE,
    v.DESCRIPTION,
    v.PUBLISHED_AT,
    v.CATEGORY_ID,
    v.DURATION,
    v.CAPTION,
    v.LIKE_COUNT,
    v.COMMENT_COUNT,
    v.VIEW_COUNT,
    cs.AVERAGE_SCORE,
    cs.MAX_SCORE,
    cs.MIN_SCORE
FROM
    youtube_sentiment.videos v -- This refers to the videos table in dbt
LEFT JOIN
    comment_scores cs
ON
    v.ID = cs.VIDEO_ID
    );
  
[0m14:53:11.387812 [debug] [Thread-1 (]: BigQuery adapter: https://console.cloud.google.com/bigquery?project=sentiment-analysis-410608&j=bq:australia-southeast1:f1895813-694b-4070-9b89-276a50e81852&page=queryresults
[0m14:53:13.252573 [debug] [Thread-1 (]: Sending event: {'category': 'dbt', 'action': 'run_model', 'label': '0bb45cc1-13d5-4d89-b743-02971c190944', 'context': [<snowplow_tracker.self_describing_json.SelfDescribingJson object at 0x0000023496DA30D0>]}
[0m14:53:13.252573 [info ] [Thread-1 (]: 2 of 2 OK created sql table model youtube_sentiment.video_scores ............... [[32mCREATE TABLE (62.0 rows, 249.9 KiB processed)[0m in 4.04s]
[0m14:53:13.263791 [debug] [Thread-1 (]: Finished running node model.youtube_sentiment.video_scores
[0m14:53:13.272324 [debug] [MainThread]: Connection 'master' was properly closed.
[0m14:53:13.274641 [debug] [MainThread]: Connection 'list_sentiment-analysis-410608' was properly closed.
[0m14:53:13.276852 [debug] [MainThread]: Connection 'list_sentiment-analysis-410608_youtube_sentiment' was properly closed.
[0m14:53:13.281834 [debug] [MainThread]: Connection 'model.youtube_sentiment.video_scores' was properly closed.
[0m14:53:13.285033 [info ] [MainThread]: 
[0m14:53:13.290223 [info ] [MainThread]: Finished running 2 table models in 0 hours 0 minutes and 10.32 seconds (10.32s).
[0m14:53:13.293306 [debug] [MainThread]: Command end result
[0m14:53:13.351145 [info ] [MainThread]: 
[0m14:53:13.353895 [info ] [MainThread]: [32mCompleted successfully[0m
[0m14:53:13.353895 [info ] [MainThread]: 
[0m14:53:13.353895 [info ] [MainThread]: Done. PASS=2 WARN=0 ERROR=0 SKIP=0 TOTAL=2
[0m14:53:13.353895 [debug] [MainThread]: Command `dbt run` succeeded at 14:53:13.353895 after 12.07 seconds
[0m14:53:13.353895 [debug] [MainThread]: Sending event: {'category': 'dbt', 'action': 'invocation', 'label': 'end', 'context': [<snowplow_tracker.self_describing_json.SelfDescribingJson object at 0x00000234829B4B20>, <snowplow_tracker.self_describing_json.SelfDescribingJson object at 0x00000234845177F0>, <snowplow_tracker.self_describing_json.SelfDescribingJson object at 0x0000023496DBF250>]}
[0m14:53:13.353895 [debug] [MainThread]: Flushing usage events
