[0m14:20:21.437007 [debug] [MainThread]: Sending event: {'category': 'dbt', 'action': 'invocation', 'label': 'start', 'context': [<snowplow_tracker.self_describing_json.SelfDescribingJson object at 0x78ff09dd3bd0>, <snowplow_tracker.self_describing_json.SelfDescribingJson object at 0x78ff09e0b890>, <snowplow_tracker.self_describing_json.SelfDescribingJson object at 0x78ff09dd3d50>]}


============================== 14:20:21.439476 | 638b08b9-7307-41df-baf7-b8bf7f1c8609 ==============================
[0m14:20:21.439476 [info ] [MainThread]: Running with dbt=1.8.5
[0m14:20:21.440014 [debug] [MainThread]: running dbt with arguments {'printer_width': '80', 'indirect_selection': 'eager', 'write_json': 'True', 'log_cache_events': 'False', 'partial_parse': 'True', 'cache_selected_only': 'False', 'profiles_dir': '/home/micasidad/.dbt', 'version_check': 'True', 'fail_fast': 'False', 'log_path': 'logs', 'warn_error': 'None', 'debug': 'False', 'use_colors': 'True', 'use_experimental_parser': 'False', 'empty': 'None', 'quiet': 'False', 'no_print': 'None', 'warn_error_options': 'WarnErrorOptions(include=[], exclude=[])', 'invocation_command': 'dbt init dbt', 'introspect': 'True', 'log_format': 'default', 'target_path': 'None', 'static_parser': 'True', 'send_anonymous_usage_stats': 'True'}
[0m14:20:45.346856 [debug] [MainThread]: Starter project path: /home/micasidad/Desktop/yt-comment-analysis/venv/lib/python3.11/site-packages/dbt/include/starter_project
[0m14:20:45.351821 [info ] [MainThread]: 
Your new dbt project "yt_comment_analysis" was created!

For more information on how to configure the profiles.yml file,
please consult the dbt documentation here:

  https://docs.getdbt.com/docs/configure-your-profile

One more thing:

Need help? Don't hesitate to reach out to us via GitHub issues or on Slack:

  https://community.getdbt.com/

Happy modeling!

[0m14:20:45.352402 [info ] [MainThread]: Setting up your profile.
[0m14:22:44.491450 [info ] [MainThread]: Profile yt_comment_analysis written to /home/micasidad/.dbt/profiles.yml using target's profile_template.yml and your supplied values. Run 'dbt debug' to validate the connection.
[0m14:22:44.493517 [debug] [MainThread]: Resource report: {"command_name": "init", "command_success": true, "command_wall_clock_time": 143.09317, "process_user_time": 2.500825, "process_kernel_time": 0.355136, "process_mem_max_rss": "217424", "process_in_blocks": "245784", "process_out_blocks": "88"}
[0m14:22:44.494919 [debug] [MainThread]: Command `dbt init` succeeded at 14:22:44.494693 after 143.09 seconds
[0m14:22:44.495790 [debug] [MainThread]: Sending event: {'category': 'dbt', 'action': 'invocation', 'label': 'end', 'context': [<snowplow_tracker.self_describing_json.SelfDescribingJson object at 0x78ff0c04bc10>, <snowplow_tracker.self_describing_json.SelfDescribingJson object at 0x78fee6322a90>, <snowplow_tracker.self_describing_json.SelfDescribingJson object at 0x78ff0d85a890>]}
[0m14:22:44.496666 [debug] [MainThread]: Flushing usage events
[0m14:22:53.668184 [debug] [MainThread]: Sending event: {'category': 'dbt', 'action': 'invocation', 'label': 'start', 'context': [<snowplow_tracker.self_describing_json.SelfDescribingJson object at 0x728ab97ece90>, <snowplow_tracker.self_describing_json.SelfDescribingJson object at 0x728ab981da50>, <snowplow_tracker.self_describing_json.SelfDescribingJson object at 0x728ab981c090>]}


============================== 14:22:53.670254 | 39e64981-c202-4ea4-96ab-a16f6f63d0b5 ==============================
[0m14:22:53.670254 [info ] [MainThread]: Running with dbt=1.8.5
[0m14:22:53.670888 [debug] [MainThread]: running dbt with arguments {'printer_width': '80', 'indirect_selection': 'eager', 'write_json': 'True', 'log_cache_events': 'False', 'partial_parse': 'True', 'cache_selected_only': 'False', 'warn_error': 'None', 'fail_fast': 'False', 'debug': 'False', 'log_path': 'logs', 'version_check': 'True', 'profiles_dir': '/home/micasidad/.dbt', 'use_colors': 'True', 'use_experimental_parser': 'False', 'no_print': 'None', 'quiet': 'False', 'empty': 'None', 'log_format': 'default', 'static_parser': 'True', 'invocation_command': 'dbt debug', 'introspect': 'True', 'target_path': 'None', 'warn_error_options': 'WarnErrorOptions(include=[], exclude=[])', 'send_anonymous_usage_stats': 'True'}
[0m14:22:53.679409 [info ] [MainThread]: dbt version: 1.8.5
[0m14:22:53.679847 [info ] [MainThread]: python version: 3.11.5
[0m14:22:53.680293 [info ] [MainThread]: python path: /home/micasidad/Desktop/yt-comment-analysis/venv/bin/python
[0m14:22:53.680743 [info ] [MainThread]: os info: Linux-6.5.0-44-generic-x86_64-with-glibc2.35
[0m14:22:53.686136 [info ] [MainThread]: Error importing adapter: No module named 'dbt.adapters.snowflake'
[0m14:22:53.688539 [info ] [MainThread]: Error importing adapter: No module named 'dbt.adapters.postgres'
[0m14:22:53.689501 [info ] [MainThread]: Error importing adapter: No module named 'dbt.adapters.postgres'
[0m14:22:53.692013 [info ] [MainThread]: Error importing adapter: No module named 'dbt.adapters.snowflake'
[0m14:22:54.449194 [info ] [MainThread]: Using profiles dir at /home/micasidad/.dbt
[0m14:22:54.449680 [info ] [MainThread]: Using profiles.yml file at /home/micasidad/.dbt/profiles.yml
[0m14:22:54.450133 [info ] [MainThread]: Using dbt_project.yml file at /home/micasidad/Desktop/yt-comment-analysis/dbt_project.yml
[0m14:22:54.450592 [info ] [MainThread]: Configuration:
[0m14:22:54.450999 [info ] [MainThread]:   profiles.yml file [[31mERROR invalid[0m]
[0m14:22:54.451308 [info ] [MainThread]:   dbt_project.yml file [[31mERROR not found[0m]
[0m14:22:54.451667 [info ] [MainThread]: Required dependencies:
[0m14:22:54.452038 [debug] [MainThread]: Executing "git --help"
[0m14:22:54.453750 [debug] [MainThread]: STDOUT: "b"usage: git [--version] [--help] [-C <path>] [-c <name>=<value>]\n           [--exec-path[=<path>]] [--html-path] [--man-path] [--info-path]\n           [-p | --paginate | -P | --no-pager] [--no-replace-objects] [--bare]\n           [--git-dir=<path>] [--work-tree=<path>] [--namespace=<name>]\n           [--super-prefix=<path>] [--config-env=<name>=<envvar>]\n           <command> [<args>]\n\nThese are common Git commands used in various situations:\n\nstart a working area (see also: git help tutorial)\n   clone     Clone a repository into a new directory\n   init      Create an empty Git repository or reinitialize an existing one\n\nwork on the current change (see also: git help everyday)\n   add       Add file contents to the index\n   mv        Move or rename a file, a directory, or a symlink\n   restore   Restore working tree files\n   rm        Remove files from the working tree and from the index\n\nexamine the history and state (see also: git help revisions)\n   bisect    Use binary search to find the commit that introduced a bug\n   diff      Show changes between commits, commit and working tree, etc\n   grep      Print lines matching a pattern\n   log       Show commit logs\n   show      Show various types of objects\n   status    Show the working tree status\n\ngrow, mark and tweak your common history\n   branch    List, create, or delete branches\n   commit    Record changes to the repository\n   merge     Join two or more development histories together\n   rebase    Reapply commits on top of another base tip\n   reset     Reset current HEAD to the specified state\n   switch    Switch branches\n   tag       Create, list, delete or verify a tag object signed with GPG\n\ncollaborate (see also: git help workflows)\n   fetch     Download objects and refs from another repository\n   pull      Fetch from and integrate with another repository or a local branch\n   push      Update remote refs along with associated objects\n\n'git help -a' and 'git help -g' list available subcommands and some\nconcept guides. See 'git help <command>' or 'git help <concept>'\nto read about a specific subcommand or concept.\nSee 'git help git' for an overview of the system.\n""
[0m14:22:54.454098 [debug] [MainThread]: STDERR: "b''"
[0m14:22:54.454364 [info ] [MainThread]:  - git [[32mOK found[0m]

[0m14:22:54.454728 [info ] [MainThread]: Connection test skipped since no profile was found
[0m14:22:54.455168 [info ] [MainThread]: [31m2 checks failed:[0m
[0m14:22:54.455512 [info ] [MainThread]: Could not load dbt_project.yml
Profile loading failed for the following reason:
Runtime Error
  Credentials in profile "cosmosproject", target "dev" invalid: Runtime Error
    Could not find adapter type snowflake!

Runtime Error
  Credentials in profile "custom_postgres", target "dev" invalid: Runtime Error
    Could not find adapter type postgres!

Runtime Error
  Credentials in profile "postgres", target "dev" invalid: Runtime Error
    Could not find adapter type postgres!

Runtime Error
  Credentials in profile "youtube_comment", target "dev" invalid: Runtime Error
    Could not find adapter type snowflake!


[0m14:22:54.455849 [info ] [MainThread]: Project loading failed for the following reason:
 project path </home/micasidad/Desktop/yt-comment-analysis/dbt_project.yml> not found

[0m14:22:54.456277 [debug] [MainThread]: Resource report: {"command_name": "debug", "command_wall_clock_time": 0.8245844, "process_user_time": 2.514149, "process_kernel_time": 0.158871, "process_mem_max_rss": "219216", "process_in_blocks": "64", "process_out_blocks": "24", "command_success": false}
[0m14:22:54.456786 [debug] [MainThread]: Command `dbt debug` failed at 14:22:54.456704 after 0.83 seconds
[0m14:22:54.457185 [debug] [MainThread]: Sending event: {'category': 'dbt', 'action': 'invocation', 'label': 'end', 'context': [<snowplow_tracker.self_describing_json.SelfDescribingJson object at 0x728ab97e1050>, <snowplow_tracker.self_describing_json.SelfDescribingJson object at 0x728abd11a1d0>, <snowplow_tracker.self_describing_json.SelfDescribingJson object at 0x728a95b58510>]}
[0m14:22:54.457572 [debug] [MainThread]: Flushing usage events
